-----------------------------------------------------------------------------------------------------------
      name:  <unnamed>
       log:  C:\Users\alamb\OneDrive\Alans Work Folder\independent projects\ai-electricity-demand\logs/phas
> e3_caiso_sc.log
  log type:  text
 opened on:  18 Mar 2026, 12:32:00

. display "Session started: $S_DATE $S_TIME"
Session started: 18 Mar 2026 12:32:00

. 
. // ===========================================================================
. // SECTION 1: LOAD AND PREPARE CAISO PANEL
. // ===========================================================================
. 
. display _newline "--- SECTION 1: LOAD CAISO DATA ---"

--- SECTION 1: LOAD CAISO DATA ---

. 
. import delimited "data/panel_caiso_comparison.csv", clear
(encoding automatically selected: ISO-8859-1)
(13 vars, 84 obs)

. display "CAISO rows: `=_N'"
CAISO rows: 84

. 
. // Date variable
. gen month_year = monthly(year_month, "YM")

. format month_year %tm

. 
. // BA numeric for xtset
. gen ba_num = 1   // CAISO = 1 in this standalone panel

. 
. tsset month_year

Time variable: month_year, 2019m1 to 2025m12
        Delta: 1 month

. 
. // Verify
. tabstat avg_demand_mwh, stats(mean sd min max)

    Variable |      Mean        SD       Min       Max
-------------+----------------------------------------
avg_demand~h |  25096.92  3097.138  19536.16  32008.44
------------------------------------------------------

. tabstat min_demand_idx, stats(mean sd min max)

    Variable |      Mean        SD       Min       Max
-------------+----------------------------------------
min_demand~x |  114.2381  20.37866     .0898  148.1627
------------------------------------------------------

. 
. // Flag suspicious 2025m7 outlier in min_demand_idx
. list year_month min_demand_idx if min_demand_idx < 80

     +---------------------+
     | year_m~h   min_de~x |
     |---------------------|
  2. |  2019-02    78.2177 |
  4. |  2019-04     78.192 |
 12. |  2019-12      .0898 |
 79. |  2025-07    75.7936 |
     +---------------------+

. // Expected: 2025-07 shows ~75.8 — data artifact, noted for paper
. 
. // Index avg demand to 2019 average = 100 (use demand_idx already in file)
. // Verify 2019 base = 100
. tabstat demand_idx if year == 2019, stats(mean)

    Variable |      Mean
-------------+----------
  demand_idx |       100
------------------------

. // Expected: ~100
. 
. // ===========================================================================
. // SECTION 2: BAI-PERRON STRUCTURAL BREAK TEST — CAISO AVERAGE DEMAND
. // ===========================================================================
. 
. display _newline "--- SECTION 2: BAI-PERRON TEST — CAISO AVG DEMAND ---"

--- SECTION 2: BAI-PERRON TEST — CAISO AVG DEMAND ---

. 
. // Test for structural break in CAISO average demand index
. // Expected: no clean break — flat trajectory with seasonal variation
. // If UDmax < critical value, fail to reject null of no break
. // This is itself the finding: ERCOT broke, CAISO did not
. 
. xtbreak test demand_idx, breakconstant hypothesis(2) breaks(3)
Unknown #command
Unknown #command
Unknown #command

Test for multiple breaks at unknown breakdates
(Bai & Perron. 1998. Econometrica)
H0: no break(s) vs. H1: 1 <= s <= 3 break(s)

                ----------------- Bai & Perron Critical Values -----------------
                     Test          1% Critical     5% Critical    10% Critical
                  Statistic          Value            Value           Value
--------------------------------------------------------------------------------
 UDmax                4.00            12.37            8.88            7.46
--------------------------------------------------------------------------------
Trimming: 0.15

. 
. // Record result before proceeding
. // If break found: record date, use as CAISO treatment date
. // If no break: report UDmax and critical values, document as null finding
. 
. // Also test minimum demand index
. display _newline "Bai-Perron test — CAISO min demand index:"

Bai-Perron test — CAISO min demand index:

. xtbreak test min_demand_idx, breakconstant hypothesis(2) breaks(3)

Test for multiple breaks at unknown breakdates
(Bai & Perron. 1998. Econometrica)
H0: no break(s) vs. H1: 1 <= s <= 3 break(s)

                ----------------- Bai & Perron Critical Values -----------------
                     Test          1% Critical     5% Critical    10% Critical
                  Statistic          Value            Value           Value
--------------------------------------------------------------------------------
 UDmax                8.39            12.37            8.88            7.46
--------------------------------------------------------------------------------
Trimming: 0.15

. 
. // Estimate break date if test rejects (run regardless, record result)
. display _newline "Break date estimate — CAISO avg demand:"

Break date estimate — CAISO avg demand:

. xtbreak estimate demand_idx, breakconstant breaks(1)
Unknown #command
Unknown #command
Unknown #command

Estimation of break points
                                            Number of obs       =     84
                                            SSR                 =  12714.72
                                            Trimming            =      0.15
--------------------------------------------------------------------------------
  #      Index     Date                          [95% Conf. Interval]
--------------------------------------------------------------------------------
  1        65      2024m5                        2024m4         2024m6 
--------------------------------------------------------------------------------

. 
. display _newline "Break date estimate — CAISO min demand:"

Break date estimate — CAISO min demand:

. xtbreak estimate min_demand_idx, breakconstant breaks(1)

Estimation of break points
                                            Number of obs       =     84
                                            SSR                 =  31270.07
                                            Trimming            =      0.15
--------------------------------------------------------------------------------
  #      Index     Date                          [95% Conf. Interval]
--------------------------------------------------------------------------------
  1        18      2020m6                        2020m5         2020m7 
--------------------------------------------------------------------------------

. 
. // RECORD RESULTS HERE before proceeding to SC:
. // UDmax statistic for avg demand: [record]
. // UDmax statistic for min demand: [record]
. // Break date avg demand:  [record or "no significant break"]
. // Break date min demand:  [record or "no significant break"]
. 
. // ===========================================================================
. // SECTION 3: BUILD COMBINED PANEL FOR SYNTHETIC CONTROL
. // ===========================================================================
. 
. display _newline "--- SECTION 3: BUILD COMBINED PANEL ---"

--- SECTION 3: BUILD COMBINED PANEL ---

. 
. // Load expanded panel (ERCO, ISNE, MISO, NYIS, PJM, SWPP)
. import delimited "data/panel_expanded.csv", clear
(encoding automatically selected: ISO-8859-1)
(11 vars, 504 obs)

. display "Expanded panel rows: `=_N'"
Expanded panel rows: 504

. 
. // Rename ba to ba_id for consistency
. rename ba ba_id

. 
. // Generate month_year
. gen month_year = monthly(year_month, "YM")

. format month_year %tm

. 
. // Index avg demand to 2019 average = 100 for each BA
. bysort ba_id: egen demand_2019 = mean(avg_demand_mwh) if year == 2019
(432 missing values generated)

. bysort ba_id: egen demand_base = mean(demand_2019)

. gen demand_idx_exp = (avg_demand_mwh / demand_base) * 100

. drop demand_2019

. 
. // Keep only donor BAs needed for CAISO SC
. // Exclude ERCO (treated in ERCOT analysis, not a clean donor)
. // Keep: ISNE, MISO, NYIS, PJM, SWPP
. keep if inlist(ba_id, "ISNE", "MISO", "NYIS", "PJM", "SWPP")
(84 observations deleted)

. display "Donor BA rows after filtering: `=_N'"
Donor BA rows after filtering: 420

. tab ba_id

      ba_id |      Freq.     Percent        Cum.
------------+-----------------------------------
       ISNE |         84       20.00       20.00
       MISO |         84       20.00       40.00
       NYIS |         84       20.00       60.00
        PJM |         84       20.00       80.00
       SWPP |         84       20.00      100.00
------------+-----------------------------------
      Total |        420      100.00

. 
. // Load CAISO panel and append
. import delimited "data/panel_caiso_comparison.csv", clear
(encoding automatically selected: ISO-8859-1)
(13 vars, 84 obs)

. gen ba_id = "CISO"

. gen month_year_num = monthly(year_month, "YM")

. rename month_year_num month_year_stata

. // Rename to avoid conflict
. rename demand_idx demand_idx_caiso

. rename min_demand_idx min_demand_idx_caiso

. 
. // Save CAISO temp
. tempfile caiso_temp

. save `caiso_temp'
file C:\Users\alamb\AppData\Local\Temp\ST_3e14_000001.tmp saved as .dta format

. 
. // Reload expanded (donors)
. import delimited "data/panel_expanded.csv", clear
(encoding automatically selected: ISO-8859-1)
(11 vars, 504 obs)

. rename ba ba_id

. gen month_year = monthly(year_month, "YM")

. format month_year %tm

. keep if inlist(ba_id, "ISNE", "MISO", "NYIS", "PJM", "SWPP")
(84 observations deleted)

. 
. // Index demand
. bysort ba_id: egen demand_2019b = mean(avg_demand_mwh) if year == 2019
(360 missing values generated)

. bysort ba_id: egen demand_baseb = mean(demand_2019b)

. gen demand_idx = (avg_demand_mwh / demand_baseb) * 100

. drop demand_2019b

. 
. // Add min demand index — use min_demand_idx already in expanded panel
. // (it's already indexed)
. 
. // Append CAISO
. gen demand_idx_caiso   = .
(420 missing values generated)

. gen min_demand_idx_caiso = .
(420 missing values generated)

. 
. // Build unified panel differently — use synth directly on separate datasets
. // synth requires treated + donors in same dataset with shared index variable
. 
. // Encode BA
. encode ba_id, gen(ba_num)

. display "BA encoding (donors):"
BA encoding (donors):

. label list ba_num
ba_num:
           1 ISNE
           2 MISO
           3 NYIS
           4 PJM
           5 SWPP

. 
. // CAISO gets ba_num = 0 — assign after encoding donors
. // Simpler: build panel from scratch
. 
. // ===========================================================================
. // SECTION 4: SYNTHETIC CONTROL — CAISO (PREFERRED APPROACH)
. // ===========================================================================
. // NOTE: synth requires treated and donor units in the same dataset.
. // Build a combined dataset: CAISO (treated) + low-exposure donors.
. // Use same index variable approach as ERCOT SC.
. 
. display _newline "--- SECTION 4: SYNTHETIC CONTROL SETUP ---"

--- SECTION 4: SYNTHETIC CONTROL SETUP ---

. 
. // Step 4a: Reload and prep CAISO
. import delimited "data/panel_caiso_comparison.csv", clear
(encoding automatically selected: ISO-8859-1)
(13 vars, 84 obs)

. gen ba_id = "CISO"

. gen month_year = monthly(year_month, "YM")

. format month_year %tm

. 
. // Index avg demand to 2019 = 100 (demand_idx already exists — use it)
. // Index min demand (min_demand_idx already exists)
. 
. // Step 4b: Reload donor BAs from expanded panel
. preserve

. import delimited "data/panel_expanded.csv", clear
(encoding automatically selected: ISO-8859-1)
(11 vars, 504 obs)

. rename ba ba_id

. gen month_year = monthly(year_month, "YM")

. format month_year %tm

. 
. // Index avg demand per BA
. bysort ba_id: egen d2019 = mean(avg_demand_mwh) if year == 2019
(432 missing values generated)

. bysort ba_id: egen dbase = mean(d2019)

. gen demand_idx = (avg_demand_mwh / dbase) * 100

. drop d2019 dbase

. 
. keep if inlist(ba_id, "ISNE", "NYIS", "SWPP", "PJM", "MISO")
(84 observations deleted)

. 
. tempfile donors

. save `donors'
file C:\Users\alamb\AppData\Local\Temp\ST_3e14_000003.tmp saved as .dta format

. restore

. 
. // Step 4c: Merge CAISO and donors into one dataset
. append using `donors'

. 
. // Encode ba_id — CISO must get a specific number for trunit
. // Sort so CISO = 1
. gen ba_sort = (ba_id == "CISO")

. sort ba_sort ba_id

. encode ba_id, gen(ba_num)

. drop ba_sort

. 
. display "BA encoding for CAISO SC:"
BA encoding for CAISO SC:

. label list ba_num
ba_num:
           1 CISO
           2 ISNE
           3 MISO
           4 NYIS
           5 PJM
           6 SWPP

. tab ba_id ba_num

           |                              ba_num
     ba_id |      CISO       ISNE       MISO       NYIS        PJM       SWPP |     Total
-----------+------------------------------------------------------------------+----------
      CISO |        84          0          0          0          0          0 |        84 
      ISNE |         0         84          0          0          0          0 |        84 
      MISO |         0          0         84          0          0          0 |        84 
      NYIS |         0          0          0         84          0          0 |        84 
       PJM |         0          0          0          0         84          0 |        84 
      SWPP |         0          0          0          0          0         84 |        84 
-----------+------------------------------------------------------------------+----------
     Total |        84         84         84         84         84         84 |       504 

. 
. xtset ba_num month_year

Panel variable: ba_num (strongly balanced)
 Time variable: month_year, 2019m1 to 2025m12
         Delta: 1 month

. 
. // Verify CISO ba_num value
. levelsof ba_num if ba_id == "CISO", local(ciso_num)
1

. display "CISO ba_num = `ciso_num'"
CISO ba_num = 1

. 
. // Verify indexing
. tabstat demand_idx if year == 2019, by(ba_id) stats(mean)

Summary for variables: demand_idx
Group variable: ba_id 

 ba_id |      Mean
-------+----------
  CISO |       100
  ISNE |       100
  MISO |       100
  NYIS |       100
   PJM |       100
  SWPP |       100
-------+----------
 Total |       100
------------------

. // Expected: all BAs ≈ 100
. 
. tabstat demand_idx if month_year >= 760, by(ba_id) stats(mean)

Summary for variables: demand_idx
Group variable: ba_id 

 ba_id |      Mean
-------+----------
  CISO |  104.7054
  ISNE |  96.52955
  MISO |  100.7739
  NYIS |  96.69557
   PJM |  102.3381
  SWPP |   108.743
-------+----------
 Total |  101.6309
------------------

. // CAISO should show near 100-110 (no strong divergence)
. // ERCOT-equivalent would show ~124 — that contrast is the finding
. 
. // ===========================================================================
. // SECTION 5: SC-1 — CAISO WITH PJM + MISO DONORS (LOWER BOUND)
. // ===========================================================================
. 
. display _newline "--- SECTION 5: CAISO SC-1 — PJM + MISO DONORS ---"

--- SECTION 5: CAISO SC-1 — PJM + MISO DONORS ---

. 
. // Treatment date: use same date as ERCOT (2023m5 = tm 760)
. // If Bai-Perron found no break in CAISO, this is a robustness check
. // The null result (small gap) is itself the finding
. 
. // Get ba_num values for PJM and MISO
. levelsof ba_num if ba_id == "PJM",  local(pjm_num)
5

. levelsof ba_num if ba_id == "MISO", local(miso_num)
3

. display "PJM ba_num = `pjm_num', MISO ba_num = `miso_num'"
PJM ba_num = 5, MISO ba_num = 3

. 
. synth demand_idx ///
>     demand_idx(708) demand_idx(720) demand_idx(732) ///
>     demand_idx(744) demand_idx(756) ///
>     hdd cdd gdp, ///
>     trunit(`ciso_num') trperiod(760) ///
>     keep(results/caiso_sc1_results.dta) replace
-----------------------------------------------------------------------------------------------------------
Synthetic Control Method for Comparative Case Studies
-----------------------------------------------------------------------------------------------------------

First Step: Data Setup
-----------------------------------------------------------------------------------------------------------
-----------------------------------------------------------------------------------------------------------
Data Setup successful
-----------------------------------------------------------------------------------------------------------
                Treated Unit: CISO
               Control Units: ISNE, MISO, NYIS, PJM, SWPP
-----------------------------------------------------------------------------------------------------------
          Dependent Variable: demand_idx
  MSPE minimized for periods: 708 709 710 711 712 713 714 715 716 717 718 719 720 721 722 723 724 725 726
                              727 728 729 730 731 732 733 734 735 736 737 738 739 740 741 742 743 744 745
                              746 747 748 749 750 751 752 753 754 755 756 757 758 759
Results obtained for periods: 708 709 710 711 712 713 714 715 716 717 718 719 720 721 722 723 724 725 726
                              727 728 729 730 731 732 733 734 735 736 737 738 739 740 741 742 743 744 745
                              746 747 748 749 750 751 752 753 754 755 756 757 758 759 760 761 762 763 764
                              765 766 767 768 769 770 771 772 773 774 775 776 777 778 779 780 781 782 783
                              784 785 786 787 788 789 790 791
-----------------------------------------------------------------------------------------------------------
                  Predictors: demand_idx(708) demand_idx(720) demand_idx(732) demand_idx(744)
                              demand_idx(756) hdd cdd gdp
-----------------------------------------------------------------------------------------------------------
Unless period is specified
predictors are averaged over: 708 709 710 711 712 713 714 715 716 717 718 719 720 721 722 723 724 725 726
                              727 728 729 730 731 732 733 734 735 736 737 738 739 740 741 742 743 744 745
                              746 747 748 749 750 751 752 753 754 755 756 757 758 759
-----------------------------------------------------------------------------------------------------------

Second Step: Run Optimization
-----------------------------------------------------------------------------------------------------------
-----------------------------------------------------------------------------------------------------------
Optimization done
-----------------------------------------------------------------------------------------------------------

Third Step: Obtain Results
-----------------------------------------------------------------------------------------------------------
Loss: Root Mean Squared Prediction Error

---------------------
   RMSPE |  9.460263 
---------------------
-----------------------------------------------------------------------------------------------------------
Unit Weights:

-----------------------
    Co_No | Unit_Weight
----------+------------
     ISNE |           0
     MISO |           0
     NYIS |        .727
      PJM |           0
     SWPP |        .273
-----------------------
-----------------------------------------------------------------------------------------------------------
Predictor Balance:

------------------------------------------------------
                               |   Treated  Synthetic 
-------------------------------+----------------------
               demand_idx(708) |   93.1532   104.5026 
               demand_idx(720) |   94.4892   99.29793 
               demand_idx(732) |   93.4132   99.74885 
               demand_idx(744) |   95.4739   105.5021 
               demand_idx(756) |   98.1839   97.66911 
                           hdd |  108.8269   376.4936 
                           cdd |  62.61538    107.235 
                           gdp |   3061521    1426087 
------------------------------------------------------
-----------------------------------------------------------------------------------------------------------

. 
. // Compute and summarize gap
. use results/caiso_sc1_results.dta, clear

. gen gap = _Y_treated - _Y_synthetic

. 
. summarize gap if _time >= 760

    Variable |        Obs        Mean    Std. dev.       Min        Max
-------------+---------------------------------------------------------
         gap |         32    4.720825    9.218498  -12.17689    24.8237

. local caiso_sc1_postgap = r(mean)

. display "CAISO SC-1 post-treatment mean gap: `caiso_sc1_postgap'"
CAISO SC-1 post-treatment mean gap: 4.72082540160045

. 
. summarize gap if _time < 760

    Variable |        Obs        Mean    Std. dev.       Min        Max
-------------+---------------------------------------------------------
         gap |         52    3.357115    8.930134   -15.5262   27.50909

. display "CAISO SC-1 pre-treatment mean gap: `r(mean)'"
CAISO SC-1 pre-treatment mean gap: 3.357114819953075

. 
. // Gap plot
. twoway line gap _time, lcolor(black) lwidth(medium) ///
>     xline(760, lcolor(red) lpattern(dot)) ///
>     yline(0, lcolor(gray) lpattern(dash)) ///
>     xlabel(708(12)791, angle(45) format(%tmMon_CCYY)) ///
>     ylabel(-30(10)50, format(%9.0f)) ///
>     title("CAISO SC-1: Avg Demand Gap vs Synthetic") ///
>     ytitle("Gap (index points, 2019=100)") ///
>     note("Donor pool: PJM + MISO (contaminated lower bound)." ///
>          "Treatment date: 2023m5 (same as ERCOT).") ///
>     saving(results/caiso_sc1_gap_plot.gph, replace)
(file results/caiso_sc1_gap_plot.gph not found)
file results/caiso_sc1_gap_plot.gph saved

. 
. // Reload combined panel
. import delimited "data/panel_caiso_comparison.csv", clear
(encoding automatically selected: ISO-8859-1)
(13 vars, 84 obs)

. gen ba_id = "CISO"

. gen month_year = monthly(year_month, "YM")

. format month_year %tm

. append using `donors'

. gen ba_sort = (ba_id == "CISO")

. sort ba_sort ba_id

. encode ba_id, gen(ba_num)

. drop ba_sort

. levelsof ba_num if ba_id == "CISO", local(ciso_num)
1

. xtset ba_num month_year

Panel variable: ba_num (strongly balanced)
 Time variable: month_year, 2019m1 to 2025m12
         Delta: 1 month

. 
. // ===========================================================================
. // SECTION 6: SC-2 — CAISO WITH CLEAN DONOR POOL (ISNE/NYIS/SWPP)
. // ===========================================================================
. 
. display _newline "--- SECTION 6: CAISO SC-2 — CLEAN DONOR POOL ---"

--- SECTION 6: CAISO SC-2 — CLEAN DONOR POOL ---

. 
. // Keep only CISO + low-exposure donors
. keep if inlist(ba_id, "CISO", "ISNE", "NYIS", "SWPP")
(168 observations deleted)

. xtset ba_num month_year

Panel variable: ba_num (strongly balanced)
 Time variable: month_year, 2019m1 to 2025m12
         Delta: 1 month

. 
. levelsof ba_num if ba_id == "CISO", local(ciso_num2)
1

. 
. synth demand_idx ///
>     demand_idx(708) demand_idx(720) demand_idx(732) ///
>     demand_idx(744) demand_idx(756) ///
>     hdd cdd, ///
>     trunit(`ciso_num2') trperiod(760) ///
>     keep(results/caiso_sc2_results.dta) replace
-----------------------------------------------------------------------------------------------------------
Synthetic Control Method for Comparative Case Studies
-----------------------------------------------------------------------------------------------------------

First Step: Data Setup
-----------------------------------------------------------------------------------------------------------
-----------------------------------------------------------------------------------------------------------
Data Setup successful
-----------------------------------------------------------------------------------------------------------
                Treated Unit: CISO
               Control Units: ISNE, NYIS, SWPP
-----------------------------------------------------------------------------------------------------------
          Dependent Variable: demand_idx
  MSPE minimized for periods: 708 709 710 711 712 713 714 715 716 717 718 719 720 721 722 723 724 725 726
                              727 728 729 730 731 732 733 734 735 736 737 738 739 740 741 742 743 744 745
                              746 747 748 749 750 751 752 753 754 755 756 757 758 759
Results obtained for periods: 708 709 710 711 712 713 714 715 716 717 718 719 720 721 722 723 724 725 726
                              727 728 729 730 731 732 733 734 735 736 737 738 739 740 741 742 743 744 745
                              746 747 748 749 750 751 752 753 754 755 756 757 758 759 760 761 762 763 764
                              765 766 767 768 769 770 771 772 773 774 775 776 777 778 779 780 781 782 783
                              784 785 786 787 788 789 790 791
-----------------------------------------------------------------------------------------------------------
                  Predictors: demand_idx(708) demand_idx(720) demand_idx(732) demand_idx(744)
                              demand_idx(756) hdd cdd
-----------------------------------------------------------------------------------------------------------
Unless period is specified
predictors are averaged over: 708 709 710 711 712 713 714 715 716 717 718 719 720 721 722 723 724 725 726
                              727 728 729 730 731 732 733 734 735 736 737 738 739 740 741 742 743 744 745
                              746 747 748 749 750 751 752 753 754 755 756 757 758 759
-----------------------------------------------------------------------------------------------------------

Second Step: Run Optimization
-----------------------------------------------------------------------------------------------------------
-----------------------------------------------------------------------------------------------------------
Optimization done
-----------------------------------------------------------------------------------------------------------

Third Step: Obtain Results
-----------------------------------------------------------------------------------------------------------
Loss: Root Mean Squared Prediction Error

---------------------
   RMSPE |  8.339746 
---------------------
-----------------------------------------------------------------------------------------------------------
Unit Weights:

-----------------------
    Co_No | Unit_Weight
----------+------------
     ISNE |           0
     NYIS |           0
     SWPP |           1
-----------------------
-----------------------------------------------------------------------------------------------------------
Predictor Balance:

------------------------------------------------------
                               |   Treated  Synthetic 
-------------------------------+----------------------
               demand_idx(708) |   93.1532    103.032 
               demand_idx(720) |   94.4892   99.62373 
               demand_idx(732) |   93.4132   99.42068 
               demand_idx(744) |   95.4739   105.6941 
               demand_idx(756) |   98.1839   102.4526 
                           hdd |  108.8269   315.2019 
                           cdd |  62.61538   151.2115 
------------------------------------------------------
-----------------------------------------------------------------------------------------------------------

. 
. // Compute gap
. use results/caiso_sc2_results.dta, clear

. gen gap = _Y_treated - _Y_synthetic

. 
. summarize gap if _time >= 760

    Variable |        Obs        Mean    Std. dev.       Min        Max
-------------+---------------------------------------------------------
         gap |         32   -4.037676    7.995068  -20.54559   10.54861

. local caiso_sc2_postgap = r(mean)

. display "CAISO SC-2 post-treatment mean gap: `caiso_sc2_postgap'"
CAISO SC-2 post-treatment mean gap: -4.037675857543945

. 
. summarize gap if _time < 760

    Variable |        Obs        Mean    Std. dev.       Min        Max
-------------+---------------------------------------------------------
         gap |         52    1.415749    8.298884  -18.11031    22.3026

. display "CAISO SC-2 pre-treatment RMSPE context: pre-gap = `r(mean)'"
CAISO SC-2 pre-treatment RMSPE context: pre-gap = 1.415749183067909

. 
. // Gap plot
. twoway line gap _time, lcolor(black) lwidth(medium) ///
>     xline(760, lcolor(red) lpattern(dot)) ///
>     yline(0, lcolor(gray) lpattern(dash)) ///
>     xlabel(708(12)791, angle(45) format(%tmMon_CCYY)) ///
>     ylabel(-30(10)50, format(%9.0f)) ///
>     title("CAISO SC-2: Avg Demand Gap vs Synthetic") ///
>     ytitle("Gap (index points, 2019=100)") ///
>     note("Donor pool: ISNE, NYIS, SWPP (low-exposure)." ///
>          "Treatment date: 2023m5.") ///
>     saving(results/caiso_sc2_gap_plot.gph, replace)
(file results/caiso_sc2_gap_plot.gph not found)
file results/caiso_sc2_gap_plot.gph saved

. 
. // ===========================================================================
. // SECTION 7: SC — CAISO MINIMUM DEMAND
. // ===========================================================================
. 
. display _newline "--- SECTION 7: CAISO SC — MINIMUM DEMAND ---"

--- SECTION 7: CAISO SC — MINIMUM DEMAND ---

. 
. // Reload full combined panel with min_demand_idx
. import delimited "data/panel_caiso_comparison.csv", clear
(encoding automatically selected: ISO-8859-1)
(13 vars, 84 obs)

. gen ba_id = "CISO"

. gen month_year = monthly(year_month, "YM")

. format month_year %tm

. 
. // For donors, need min_demand_idx — it's in panel_expanded.csv
. import delimited "data/panel_expanded.csv", clear
(encoding automatically selected: ISO-8859-1)
(11 vars, 504 obs)

. rename ba ba_id

. gen month_year = monthly(year_month, "YM")

. format month_year %tm

. keep if inlist(ba_id, "ISNE", "NYIS", "SWPP")
(252 observations deleted)

. // min_demand_idx already in expanded panel
. 
. tempfile donors_min

. save `donors_min'
file C:\Users\alamb\AppData\Local\Temp\ST_3e14_000004.tmp saved as .dta format

. 
. import delimited "data/panel_caiso_comparison.csv", clear
(encoding automatically selected: ISO-8859-1)
(13 vars, 84 obs)

. gen ba_id = "CISO"

. gen month_year = monthly(year_month, "YM")

. format month_year %tm

. append using `donors_min'

. 
. gen ba_sort = (ba_id == "CISO")

. sort ba_sort ba_id

. encode ba_id, gen(ba_num)

. drop ba_sort

. levelsof ba_num if ba_id == "CISO", local(ciso_min_num)
1

. xtset ba_num month_year

Panel variable: ba_num (strongly balanced)
 Time variable: month_year, 2019m1 to 2025m12
         Delta: 1 month

. 
. // Re-verify min demand index base
. tabstat min_demand_idx if year == 2019, by(ba_id) stats(mean)

Summary for variables: min_demand_idx
Group variable: ba_id 

 ba_id |      Mean
-------+----------
  CISO |       100
  ISNE |       100
  NYIS |       100
  SWPP |       100
-------+----------
 Total |       100
------------------

. 
. synth min_demand_idx ///
>     min_demand_idx(708) min_demand_idx(720) min_demand_idx(732) ///
>     min_demand_idx(744) min_demand_idx(756) ///
>     hdd cdd, ///
>     trunit(`ciso_min_num') trperiod(760) ///
>     keep(results/caiso_sc_mindemand_results.dta) replace
-----------------------------------------------------------------------------------------------------------
Synthetic Control Method for Comparative Case Studies
-----------------------------------------------------------------------------------------------------------

First Step: Data Setup
-----------------------------------------------------------------------------------------------------------
-----------------------------------------------------------------------------------------------------------
Data Setup successful
-----------------------------------------------------------------------------------------------------------
                Treated Unit: CISO
               Control Units: ISNE, NYIS, SWPP
-----------------------------------------------------------------------------------------------------------
          Dependent Variable: min_demand_idx
  MSPE minimized for periods: 708 709 710 711 712 713 714 715 716 717 718 719 720 721 722 723 724 725 726
                              727 728 729 730 731 732 733 734 735 736 737 738 739 740 741 742 743 744 745
                              746 747 748 749 750 751 752 753 754 755 756 757 758 759
Results obtained for periods: 708 709 710 711 712 713 714 715 716 717 718 719 720 721 722 723 724 725 726
                              727 728 729 730 731 732 733 734 735 736 737 738 739 740 741 742 743 744 745
                              746 747 748 749 750 751 752 753 754 755 756 757 758 759 760 761 762 763 764
                              765 766 767 768 769 770 771 772 773 774 775 776 777 778 779 780 781 782 783
                              784 785 786 787 788 789 790 791
-----------------------------------------------------------------------------------------------------------
                  Predictors: min_demand_idx(708) min_demand_idx(720) min_demand_idx(732)
                              min_demand_idx(744) min_demand_idx(756) hdd cdd
-----------------------------------------------------------------------------------------------------------
Unless period is specified
predictors are averaged over: 708 709 710 711 712 713 714 715 716 717 718 719 720 721 722 723 724 725 726
                              727 728 729 730 731 732 733 734 735 736 737 738 739 740 741 742 743 744 745
                              746 747 748 749 750 751 752 753 754 755 756 757 758 759
-----------------------------------------------------------------------------------------------------------

Second Step: Run Optimization
-----------------------------------------------------------------------------------------------------------
-----------------------------------------------------------------------------------------------------------
Optimization done
-----------------------------------------------------------------------------------------------------------

Third Step: Obtain Results
-----------------------------------------------------------------------------------------------------------
Loss: Root Mean Squared Prediction Error

---------------------
   RMSPE |  23.35635 
---------------------
-----------------------------------------------------------------------------------------------------------
Unit Weights:

-----------------------
    Co_No | Unit_Weight
----------+------------
     ISNE |           0
     NYIS |        .556
     SWPP |        .444
-----------------------
-----------------------------------------------------------------------------------------------------------
Predictor Balance:

------------------------------------------------------
                               |   Treated  Synthetic 
-------------------------------+----------------------
           min_demand_idx(708) |  100.5601   107.2926 
           min_demand_idx(720) |  119.0034   107.3437 
           min_demand_idx(732) |  113.2255   115.1702 
           min_demand_idx(744) |  113.2255   112.2944 
           min_demand_idx(756) |  120.0423   108.0505 
                           hdd |  108.8269    362.077 
                           cdd |  62.61538   117.5789 
------------------------------------------------------
-----------------------------------------------------------------------------------------------------------

. 
. // Compute gap
. use results/caiso_sc_mindemand_results.dta, clear

. gen gap = _Y_treated - _Y_synthetic

. 
. summarize gap if _time >= 760

    Variable |        Obs        Mean    Std. dev.       Min        Max
-------------+---------------------------------------------------------
         gap |         32    16.55841    23.78655  -47.11835   79.56985

. local caiso_min_postgap = r(mean)

. display "CAISO min demand SC post-treatment mean gap: `caiso_min_postgap'"
CAISO min demand SC post-treatment mean gap: 16.55841067340225

. 
. summarize gap if _time < 760

    Variable |        Obs        Mean    Std. dev.       Min        Max
-------------+---------------------------------------------------------
         gap |         52    8.342091    22.02934  -109.4979   37.50433

. 
. // Gap plot
. twoway line gap _time, lcolor(black) lwidth(medium) ///
>     xline(760, lcolor(red) lpattern(dot)) ///
>     yline(0, lcolor(gray) lpattern(dash)) ///
>     xlabel(708(12)791, angle(45) format(%tmMon_CCYY)) ///
>     ylabel(-40(10)60, format(%9.0f)) ///
>     title("CAISO SC: Min Demand Gap vs Synthetic") ///
>     ytitle("Gap (index points, 2019=100)") ///
>     note("Donor pool: ISNE, NYIS, SWPP." ///
>          "Treatment date: 2023m5.") ///
>     saving(results/caiso_sc_mindemand_gap_plot.gph, replace)
(file results/caiso_sc_mindemand_gap_plot.gph not found)
file results/caiso_sc_mindemand_gap_plot.gph saved

. 
. // ===========================================================================
. // SECTION 8: RECORD ALL RESULTS
. // ===========================================================================
. 
. display _newline "--- SECTION 8: RESULTS SUMMARY ---"

--- SECTION 8: RESULTS SUMMARY ---

. display "==================================================="
===================================================

. display "CAISO SYNTHETIC CONTROL RESULTS — March 2026"
CAISO SYNTHETIC CONTROL RESULTS — March 2026

. display "==================================================="
===================================================

. display ""


. display "Bai-Perron test — avg demand:"
Bai-Perron test — avg demand:

. display "  [paste UDmax and break date from Section 2 output]"
  [paste UDmax and break date from Section 2 output]

. display ""


. display "Bai-Perron test — min demand:"
Bai-Perron test — min demand:

. display "  [paste UDmax and break date from Section 2 output]"
  [paste UDmax and break date from Section 2 output]

. display ""


. display "SC-1 (PJM+MISO donors, avg demand):"
SC-1 (PJM+MISO donors, avg demand):

. display "  Post-treatment mean gap: `caiso_sc1_postgap' index points"
  Post-treatment mean gap: 4.72082540160045 index points

. display ""


. display "SC-2 (ISNE/NYIS/SWPP donors, avg demand):"
SC-2 (ISNE/NYIS/SWPP donors, avg demand):

. display "  Post-treatment mean gap: `caiso_sc2_postgap' index points"
  Post-treatment mean gap: -4.037675857543945 index points

. display ""


. display "SC min demand (ISNE/NYIS/SWPP donors):"
SC min demand (ISNE/NYIS/SWPP donors):

. display "  Post-treatment mean gap: `caiso_min_postgap' index points"
  Post-treatment mean gap: 16.55841067340225 index points

. display ""


. display "Compare with ERCOT:"
Compare with ERCOT:

. display "  ERCOT SC-3 avg demand gap:  24.5 index points"
  ERCOT SC-3 avg demand gap:  24.5 index points

. display "  ERCOT SC-3 min demand gap:  34.8 index points"
  ERCOT SC-3 min demand gap:  34.8 index points

. display "==================================================="
===================================================

. 
. log close
      name:  <unnamed>
       log:  C:\Users\alamb\OneDrive\Alans Work Folder\independent projects\ai-electricity-demand\logs/phas
> e3_caiso_sc.log
  log type:  text
 closed on:  18 Mar 2026, 12:32:10
-----------------------------------------------------------------------------------------------------------
